Arguments: 
  C:\Program Files\nodejs\node.exe C:\Users\Marco\AppData\Roaming\npm\node_modules\yarn\bin\yarn.js add expo-system-ui

PATH: 
  C:\Program Files\NVIDIA GPU Computing Toolkit\CUDA\v11.8\bin;C:\Program Files\NVIDIA GPU Computing Toolkit\CUDA\v11.8\libnvvp;C:\Program Files\NVIDIA GPU Computing Toolkit\CUDA\v12.3\bin;C:\Program Files\NVIDIA GPU Computing Toolkit\CUDA\v12.3\libnvvp;C:\Program Files (x86)\Common Files\Oracle\Java\javapath;C:\Windows\system32;C:\Windows;C:\Windows\System32\Wbem;C:\Windows\System32\WindowsPowerShell\v1.0\;C:\Windows\System32\OpenSSH\;C:\Program Files\Git\cmd;C:\Program Files\platform-tools;C:\Program Files (x86)\PuTTY\;C:\Program Files\Amazon\AWSCLIV2\;C:\Program Files\Docker\Docker\resources\bin;C:\Program Files\NVIDIA Corporation\NVIDIA NvDLISR;C:\Program Files (x86)\NVIDIA Corporation\PhysX\Common;C:\Program Files\dotnet\;C:\Program Files\nodejs\;C:\Program Files\NVIDIA Corporation\Nsight Compute 2022.3.0\;C:\MinGW\bin;C:\Qt\6.7.2\mingw_64\bin;C:\Qt\6.7.2\mingw_64\include;C:\Qt\Tools\CMake_64\bin;C:\Qt\Tools\Ninja;C:\make.bat;C:\Qt\6.7.2\mingw_64\bin\windeploy.exe;C:\Users\Marco\.cargo\bin;C:\Users\Marco\AppData\Local\Android\Sdk\platform-tools;C:\Users\Marco\AppData\Local\Android\Sdk\tools;C:\Users\Marco\AppData\Local\Programs\Python\Python311\Scripts\;C:\Users\Marco\AppData\Local\Programs\Python\Python311\;C:\Users\Marco\AppData\Local\Microsoft\WindowsApps;C:\Users\Marco\AppData\Local\Programs\Microsoft VS Code\bin;C:\Users\Marco\.dotnet\tools;C:\Users\Marco\AppData\Roaming\npm;C:\Qt\Tools\QtCreator\bin;C:\Qt\6.7.2\mingw_64\bin;C:\Qt\6.7.2\mingw_64\include;C:\Qt\Tools\CMake_64\bin;C:\Qt\Tools\Ninja;C:\make.bat;C:\Qt\6.7.2\mingw_64\bin\windeploy.exe;;c:\Users\Marco\.cache\trunk\launcher

Yarn version: 
  1.22.19

Node version: 
  21.6.1

Platform: 
  win32 x64

Trace: 
  Error: EPERM: operation not permitted, unlink 'C:\Users\Marco\Desktop\Dev\spark.ia-app\node_modules\react-native-css-interop\node_modules\lightningcss-win32-x64-msvc\lightningcss.win32-x64-msvc.node'

npm manifest: 
  {
    "name": "spark.ia-app",
    "main": "expo-router/entry",
    "version": "1.0.0",
    "scripts": {
      "start": "expo start",
      "reset-project": "node ./scripts/reset-project.js",
      "android": "expo start --android",
      "ios": "expo start --ios",
      "web": "expo start --web",
      "test": "jest --watchAll",
      "lint": "expo lint"
    },
    "jest": {
      "preset": "jest-expo"
    },
    "dependencies": {
      "@expo/vector-icons": "^14.0.2",
      "@react-navigation/native": "^6.0.2",
      "expo": "~51.0.21",
      "expo-constants": "~16.0.2",
      "expo-font": "~12.0.9",
      "expo-linking": "~6.3.1",
      "expo-router": "~3.5.18",
      "expo-splash-screen": "~0.27.5",
      "expo-status-bar": "~1.12.1",
      "expo-system-ui": "~3.0.7",
      "expo-web-browser": "~13.0.3",
      "nativewind": "^4.0.1",
      "react": "18.2.0",
      "react-dom": "18.2.0",
      "react-native": "0.74.3",
      "react-native-gesture-handler": "~2.16.1",
      "react-native-reanimated": "~3.10.1",
      "react-native-safe-area-context": "4.10.5",
      "react-native-screens": "3.31.1",
      "react-native-web": "~0.19.10",
      "tailwindcss": "^3.4.6"
    },
    "devDependencies": {
      "@babel/core": "^7.20.0",
      "@types/jest": "^29.5.12",
      "@types/react": "~18.2.45",
      "@types/react-test-renderer": "^18.0.7",
      "jest": "^29.2.1",
      "jest-expo": "~51.0.3",
      "react-test-renderer": "18.2.0",
      "typescript": "~5.3.3"
    },
    "private": true
  }

yarn manifest: 
  No manifest

Lockfile: 
  No lockfile
